app/build/intermediates/manifest_merge_blame_file/debug/manifest-merger-blame-debug-report.txt
1<?xml version="1.0" encoding="utf-8"?>
2<manifest xmlns:android="http://schemas.android.com/apk/res/android"
3    package="com.belval.ki4a"
4    android:versionCode="1"
5    android:versionName="1.0" >
6
7    <uses-sdk
8        android:minSdkVersion="26"
8-->src/main/AndroidManifest.xml
9        android:targetSdkVersion="28" />
9-->src/main/AndroidManifest.xml
10
11    <!--
12        <meta-data android:name="com.google.android.gms.version"
13        android:value="@integer/google_play_services_version"/>
14    -->
15
16    <uses-permission android:name="android.permission.INTERNET" />
16-->src/main/AndroidManifest.xml:9:5-67
16-->src/main/AndroidManifest.xml:9:22-64
17    <uses-permission android:name="android.permission.ACCESS_NETWORK_STATE" />
17-->src/main/AndroidManifest.xml:10:5-79
17-->src/main/AndroidManifest.xml:10:22-76
18    <uses-permission android:name="android.permission.CHANGE_NETWORK_STATE" />
18-->src/main/AndroidManifest.xml:11:5-79
18-->src/main/AndroidManifest.xml:11:22-76
19    <uses-permission android:name="android.permission.FOREGROUND_SERVICE" />
19-->src/main/AndroidManifest.xml:12:5-77
19-->src/main/AndroidManifest.xml:12:22-74
20    <uses-permission android:name="android.permission.ACCESS_WIFI_STATE" />
20-->src/main/AndroidManifest.xml:13:5-76
20-->src/main/AndroidManifest.xml:13:22-73
21    <uses-permission android:name="android.permission.CHANGE_WIFI_STATE" />
21-->src/main/AndroidManifest.xml:14:5-76
21-->src/main/AndroidManifest.xml:14:22-73
22    <uses-permission android:name="android.permission.READ_EXTERNAL_STORAGE" />
22-->src/main/AndroidManifest.xml:15:5-80
22-->src/main/AndroidManifest.xml:15:22-77
23    <uses-permission android:name="android.permission.READ_PHONE_STATE" />
23-->src/main/AndroidManifest.xml:16:5-75
23-->src/main/AndroidManifest.xml:16:22-72
24
25    <application
25-->src/main/AndroidManifest.xml:18:5-113:19
26        android:allowBackup="true"
26-->src/main/AndroidManifest.xml:19:9-35
27        android:appComponentFactory="androidx.core.app.CoreComponentFactory"
27-->[androidx.core:core:1.0.0] AndroidManifest.xml:22:18-86
28        android:debuggable="true"
29        android:icon="@mipmap/ic_launcher"
29-->src/main/AndroidManifest.xml:20:9-43
30        android:label="@string/app_name"
30-->src/main/AndroidManifest.xml:21:9-41
31        android:persistent="true"
31-->src/main/AndroidManifest.xml:22:9-34
32        android:supportsRtl="true"
32-->src/main/AndroidManifest.xml:23:9-35
33        android:testOnly="true"
34        android:theme="@style/AppTheme" >
34-->src/main/AndroidManifest.xml:24:9-40
35        <activity
35-->src/main/AndroidManifest.xml:25:9-33:20
36            android:name="com.belval.ki4a.SplashScreenActivity"
36-->src/main/AndroidManifest.xml:26:13-49
37            android:label="@string/app_name" >
37-->src/main/AndroidManifest.xml:27:13-45
38            <intent-filter>
38-->src/main/AndroidManifest.xml:28:13-32:29
39                <action android:name="android.intent.action.MAIN" />
39-->src/main/AndroidManifest.xml:29:17-69
39-->src/main/AndroidManifest.xml:29:25-66
40
41                <category android:name="android.intent.category.LAUNCHER" />
41-->src/main/AndroidManifest.xml:31:17-77
41-->src/main/AndroidManifest.xml:31:27-74
42            </intent-filter>
43        </activity>
44        <activity
44-->src/main/AndroidManifest.xml:34:9-36:48
45            android:name="com.belval.ki4a.MainActivity"
45-->src/main/AndroidManifest.xml:35:13-41
46            android:label="@string/app_name" />
46-->src/main/AndroidManifest.xml:36:13-45
47        <activity
47-->src/main/AndroidManifest.xml:37:9-39:63
48            android:name="com.belval.ki4a.SettingsActivity"
48-->src/main/AndroidManifest.xml:38:13-45
49            android:label="@string/title_activity_settings" />
49-->src/main/AndroidManifest.xml:39:13-60
50        <activity
50-->src/main/AndroidManifest.xml:40:9-43:55
51            android:name="com.belval.ki4a.ForwardActivity"
51-->src/main/AndroidManifest.xml:41:13-44
52            android:label="@string/pref_forward"
52-->src/main/AndroidManifest.xml:42:13-49
53            android:windowSoftInputMode="adjustPan" />
53-->src/main/AndroidManifest.xml:43:13-52
54        <activity
54-->src/main/AndroidManifest.xml:44:9-47:55
55            android:name="com.belval.ki4a.RouteActivity"
55-->src/main/AndroidManifest.xml:45:13-42
56            android:label="@string/pref_specific_routes"
56-->src/main/AndroidManifest.xml:46:13-57
57            android:windowSoftInputMode="adjustPan" />
57-->src/main/AndroidManifest.xml:47:13-52
58
59        <service
59-->src/main/AndroidManifest.xml:49:9-51:38
60            android:name="com.belval.ki4a.ki4aService"
60-->src/main/AndroidManifest.xml:50:13-40
61            android:enabled="true" />
61-->src/main/AndroidManifest.xml:51:13-35
62        <service
62-->src/main/AndroidManifest.xml:52:9-60:19
63            android:name="com.belval.ki4a.ki4aVPNService"
63-->src/main/AndroidManifest.xml:53:13-43
64            android:exported="false"
64-->src/main/AndroidManifest.xml:54:13-37
65            android:label="@string/app_name"
65-->src/main/AndroidManifest.xml:55:13-45
66            android:permission="android.permission.BIND_VPN_SERVICE" >
66-->src/main/AndroidManifest.xml:56:13-69
67            <intent-filter>
67-->src/main/AndroidManifest.xml:57:13-59:29
68                <action android:name="android.net.VpnService" />
68-->src/main/AndroidManifest.xml:58:17-65
68-->src/main/AndroidManifest.xml:58:25-62
69            </intent-filter>
70        </service>
71
72        <receiver android:name="com.belval.ki4a.ki4aUpdateReceiver" >
72-->src/main/AndroidManifest.xml:62:9-66:20
72-->src/main/AndroidManifest.xml:62:19-53
73            <intent-filter>
73-->src/main/AndroidManifest.xml:63:13-65:29
74                <action android:name="android.intent.action.MY_PACKAGE_REPLACED" />
74-->src/main/AndroidManifest.xml:64:17-84
74-->src/main/AndroidManifest.xml:64:25-81
75            </intent-filter>
76        </receiver>
77
78        <activity
78-->src/main/AndroidManifest.xml:68:9-70:50
79            android:name="com.belval.ki4a.AboutActivity"
79-->src/main/AndroidManifest.xml:69:13-42
80            android:label="@string/pref_about" />
80-->src/main/AndroidManifest.xml:70:13-47
81        <activity
81-->src/main/AndroidManifest.xml:71:9-73:55
82            android:name="com.belval.ki4a.ShowLogActivity"
82-->src/main/AndroidManifest.xml:72:13-44
83            android:label="@string/application_log" />
83-->src/main/AndroidManifest.xml:73:13-52
84        <activity
84-->src/main/AndroidManifest.xml:74:9-76:46
85            android:name="com.belval.ki4a.KeyImport"
85-->src/main/AndroidManifest.xml:75:13-38
86            android:launchMode="singleTop" />
86-->src/main/AndroidManifest.xml:76:13-43
87
88        <receiver android:name="com.belval.ki4a.ki4aWidget" >
88-->src/main/AndroidManifest.xml:78:9-89:20
88-->src/main/AndroidManifest.xml:78:19-45
89            <intent-filter>
89-->src/main/AndroidManifest.xml:79:13-81:29
90                <action android:name="android.appwidget.action.APPWIDGET_UPDATE" />
90-->src/main/AndroidManifest.xml:80:17-84
90-->src/main/AndroidManifest.xml:80:25-81
91            </intent-filter>
92            <intent-filter>
92-->src/main/AndroidManifest.xml:82:13-84:29
93                <action android:name="ki4aRefresh" />
93-->src/main/AndroidManifest.xml:83:17-53
93-->src/main/AndroidManifest.xml:83:25-51
94            </intent-filter>
95
96            <meta-data
96-->src/main/AndroidManifest.xml:86:13-88:60
97                android:name="android.appwidget.provider"
97-->src/main/AndroidManifest.xml:87:17-58
98                android:resource="@xml/ki4a_widget_info" />
98-->src/main/AndroidManifest.xml:88:17-57
99        </receiver>
100        <receiver
100-->src/main/AndroidManifest.xml:91:9-98:20
101            android:name="com.belval.ki4a.ki4aBroadcastReceiver"
101-->src/main/AndroidManifest.xml:91:19-56
102            android:enabled="true" >
102-->src/main/AndroidManifest.xml:91:57-79
103            <intent-filter>
103-->src/main/AndroidManifest.xml:92:13-97:29
104                <action android:name="ki4aStatusToggle" />
104-->src/main/AndroidManifest.xml:93:17-59
104-->src/main/AndroidManifest.xml:93:25-56
105                <action android:name="ki4aStatusStart" />
105-->src/main/AndroidManifest.xml:94:17-58
105-->src/main/AndroidManifest.xml:94:25-55
106                <action android:name="ki4aStatusStop" />
106-->src/main/AndroidManifest.xml:95:17-57
106-->src/main/AndroidManifest.xml:95:25-54
107                <action android:name="android.net.wifi.STATE_CHANGE" />
107-->src/main/AndroidManifest.xml:96:17-72
107-->src/main/AndroidManifest.xml:96:25-69
108            </intent-filter>
109        </receiver>
110
111        <service
111-->src/main/AndroidManifest.xml:100:9-111:19
112            android:name="com.belval.ki4a.ki4aQuickSettingsService"
112-->src/main/AndroidManifest.xml:101:13-53
113            android:icon="@drawable/notification_icon"
113-->src/main/AndroidManifest.xml:102:13-55
114            android:label="@string/app_name"
114-->src/main/AndroidManifest.xml:103:13-45
115            android:permission="android.permission.BIND_QUICK_SETTINGS_TILE" >
115-->src/main/AndroidManifest.xml:104:13-77
116            <intent-filter>
116-->src/main/AndroidManifest.xml:105:13-107:29
117                <action android:name="android.service.quicksettings.action.QS_TILE" />
117-->src/main/AndroidManifest.xml:106:17-87
117-->src/main/AndroidManifest.xml:106:25-84
118            </intent-filter>
119
120            <meta-data
120-->src/main/AndroidManifest.xml:108:13-110:40
121                android:name="android.service.quicksettings.ACTIVE_TILE"
121-->src/main/AndroidManifest.xml:109:17-73
122                android:value="true" />
122-->src/main/AndroidManifest.xml:110:17-37
123        </service>
124    </application>
125
126</manifest>